<?xml version="1.0" encoding="UTF-8"?>
<testng-results skipped="0" failed="0" ignored="0" total="1" passed="1">
  <reporter-output>
  </reporter-output>
  <suite name="Default suite" duration-ms="179" started-at="2019-11-13T10:45:10 EST" finished-at="2019-11-13T10:45:10 EST">
    <groups>
    </groups>
    <test name="Default test" duration-ms="179" started-at="2019-11-13T10:45:10 EST" finished-at="2019-11-13T10:45:10 EST">
      <class name="com.qa.tests.LoginTest">
        <test-method status="PASS" signature="loginTest()[pri:0, instance:com.qa.tests.LoginTest@21213b92]" name="loginTest" duration-ms="36" started-at="2019-11-13T10:45:10 EST" finished-at="2019-11-13T10:45:10 EST">
          <reporter-output>
          </reporter-output>
        </test-method> <!-- loginTest -->
      </class> <!-- com.qa.tests.LoginTest -->
    </test> <!-- Default test -->
  </suite> <!-- Default suite -->
</testng-results>
